<?xml version="1.0" encoding="utf-8"?>
<test-run id="2" testcasecount="1" result="Passed" total="1" passed="1" failed="0" inconclusive="0" skipped="0" asserts="0" engine-version="3.5.0.0" clr-version="4.0.30319.42000" start-time="2026-09-01 23:01:14Z" end-time="2026-09-01 23:01:15Z" duration="0.9267136">
  <test-suite type="TestSuite" id="1469" name="mafia-builder-city-clean" fullname="mafia-builder-city-clean" runstate="Runnable" testcasecount="365" result="Passed" start-time="2026-09-01 23:01:14Z" end-time="2026-09-01 23:01:15Z" duration="0.926714" total="1" passed="1" failed="0" inconclusive="0" skipped="0" asserts="0">
    <properties>
      <property name="platform" value="PlayMode" />
    </properties>
    <test-suite type="Assembly" id="1450" name="CityMap.PlayMode.Tests.dll" fullname="/home/erutheone/project/mafia-unity-F/Library/ScriptAssemblies/CityMap.PlayMode.Tests.dll" runstate="Runnable" testcasecount="365" result="Passed" start-time="2026-09-01 23:01:14Z" end-time="2026-09-01 23:01:15Z" duration="0.920142" total="1" passed="1" failed="0" inconclusive="0" skipped="0" asserts="0">
      <properties>
        <property name="_PID" value="1964313" />
        <property name="_APPDOMAIN" value="Unity Child Domain" />
        <property name="platform" value="PlayMode" />
        <property name="EditorOnly" value="False" />
      </properties>
      <test-suite type="TestSuite" id="1451" name="MafiaCleanCity" fullname="MafiaCleanCity" runstate="Runnable" testcasecount="365" result="Passed" start-time="2026-09-01 23:01:14Z" end-time="2026-09-01 23:01:15Z" duration="0.917411" total="1" passed="1" failed="0" inconclusive="0" skipped="0" asserts="0">
        <properties />
        <test-suite type="TestSuite" id="1464" name="Shell" fullname="MafiaCleanCity.Shell" runstate="Runnable" testcasecount="123" result="Passed" start-time="2026-09-01 23:01:14Z" end-time="2026-09-01 23:01:15Z" duration="0.915288" total="1" passed="1" failed="0" inconclusive="0" skipped="0" asserts="0">
          <properties />
          <test-suite type="TestSuite" id="1465" name="Tests" fullname="MafiaCleanCity.Shell.Tests" runstate="Runnable" testcasecount="123" result="Passed" start-time="2026-09-01 23:01:14Z" end-time="2026-09-01 23:01:15Z" duration="0.914333" total="1" passed="1" failed="0" inconclusive="0" skipped="0" asserts="0">
            <properties />
            <test-suite type="TestFixture" id="1417" name="RevueDuJourCapturePlayModeTests" fullname="MafiaCleanCity.Shell.Tests.RevueDuJourCapturePlayModeTests" classname="MafiaCleanCity.Shell.Tests.RevueDuJourCapturePlayModeTests" runstate="Runnable" testcasecount="1" result="Passed" start-time="2026-09-01 23:01:14Z" end-time="2026-09-01 23:01:15Z" duration="0.912766" total="1" passed="1" failed="0" inconclusive="0" skipped="0" asserts="0">
              <properties />
              <test-case id="1418" name="Capture_RevueDuJour_1080x2400" fullname="MafiaCleanCity.Shell.Tests.RevueDuJourCapturePlayModeTests.Capture_RevueDuJour_1080x2400" methodname="Capture_RevueDuJour_1080x2400" classname="MafiaCleanCity.Shell.Tests.RevueDuJourCapturePlayModeTests" runstate="Runnable" seed="1288887430" result="Passed" start-time="2026-09-01 23:01:14Z" end-time="2026-09-01 23:01:15Z" duration="0.905446" asserts="0">
                <properties>
                  <property name="_JOINTYPE" value="UnityCombinatorial" />
                  <property name="retryIteration" value="0" />
                  <property name="repeatIteration" value="0" />
                </properties>
                <output><![CDATA[
IgnoreFailingMessages:true
[DemoIdentityResolver] régime=défaut identité=operational_demo@example.test
[CAPTURE diag] canvas=Canvas mode=ScreenSpaceOverlay contentSlot.parentCanvas=Canvas revue.parent=ContentSlot
[CAPTURE diag] canvas.rect=1280x2844 orthoSize=1422.2 scaleFactor=0.844
[CAPTURE] Assets/Screenshots/revue_du_jour_seuil-force-0.1_1080x2400.png 1080x2400 — 780 teintes distinctes · cartes=5 vide=False
<b><color=#2EA3FF>MCP-FOR-UNITY</color></b>: [TestRunnerNoThrottle] Restored Interaction Mode after test run.
Saving results to: /home/erutheone/.config/unity3d/DefaultCompany/mafia-builder-city-clean/TestResults.xml
]]></output>
              </test-case>
            </test-suite>
          </test-suite>
        </test-suite>
      </test-suite>
    </test-suite>
  </test-suite>
</test-run>